\BOOKMARK [0][-]{part.1}{I Vectors}{}% 1
\BOOKMARK [1][-]{section.1}{Basics}{part.1}% 2
\BOOKMARK [1][-]{section.2}{Vector Operations}{part.1}% 3
\BOOKMARK [2][-]{subsection.2.1}{Adding Vectors}{section.2}% 4
\BOOKMARK [2][-]{subsection.2.2}{Vector Multiplication}{section.2}% 5
\BOOKMARK [3][-]{subsubsection.2.2.1}{Dot Product}{subsection.2.2}% 6
\BOOKMARK [3][-]{subsubsection.2.2.2}{Cross Product}{subsection.2.2}% 7
\BOOKMARK [0][-]{part.2}{II Electrostatics and Magnetism}{}% 8
\BOOKMARK [1][-]{section.1}{Field \046 Voltage Basics}{part.2}% 9
\BOOKMARK [2][-]{subsection.1.1}{Coulomb's Law}{section.1}% 10
\BOOKMARK [3][-]{subsubsection.1.1.1}{Force}{subsection.1.1}% 11
\BOOKMARK [3][-]{subsubsection.1.1.2}{Field}{subsection.1.1}% 12
\BOOKMARK [3][-]{subsubsection.1.1.3}{Properties of Field}{subsection.1.1}% 13
\BOOKMARK [2][-]{subsection.1.2}{Electric Potential}{section.1}% 14
\BOOKMARK [3][-]{subsubsection.1.2.1}{Electric Potenial and Work}{subsection.1.2}% 15
\BOOKMARK [3][-]{subsubsection.1.2.2}{Equipotential Surfaces}{subsection.1.2}% 16
\BOOKMARK [1][-]{section.2}{Field and Potential Using Calculus}{part.2}% 17
\BOOKMARK [2][-]{subsection.2.1}{Ring Charge}{section.2}% 18
\BOOKMARK [3][-]{subsubsection.2.1.1}{Setting Up The Integral}{subsection.2.1}% 19
\BOOKMARK [3][-]{subsubsection.2.1.2}{Integrating}{subsection.2.1}% 20
\BOOKMARK [2][-]{subsection.2.2}{Part of a Ring}{section.2}% 21
\BOOKMARK [3][-]{subsubsection.2.2.1}{Setting Up the Integral}{subsection.2.2}% 22
\BOOKMARK [3][-]{subsubsection.2.2.2}{Integration}{subsection.2.2}% 23
\BOOKMARK [1][-]{section.3}{Gauss' Law}{part.2}% 24
\BOOKMARK [2][-]{subsection.3.1}{Field within Insulating Spheres}{section.3}% 25
\BOOKMARK [3][-]{subsubsection.3.1.1}{Uniform Charge Density}{subsection.3.1}% 26
\BOOKMARK [3][-]{subsubsection.3.1.2}{Non-Uniform Charge Density}{subsection.3.1}% 27
\BOOKMARK [3][-]{subsubsection.3.1.3}{Field Inside of the Sphere}{subsection.3.1}% 28
\BOOKMARK [2][-]{subsection.3.2}{Field Within a Conducting Sphere}{section.3}% 29
\BOOKMARK [0][-]{part.3}{III Mechanics}{}% 30
\BOOKMARK [1][-]{section.1}{Kinematics Review}{part.3}% 31
